Determining if the pthread_create exist failed with the following output:
Change Dir: /home/jabrahms/src/avendar/home/chadim/svn/trunk/deps/googlemock/CMakeFiles/CMakeTmp

Run Build Command:"/usr/bin/make" "cmTryCompileExec2861438675/fast"
/usr/bin/make -f CMakeFiles/cmTryCompileExec2861438675.dir/build.make CMakeFiles/cmTryCompileExec2861438675.dir/build
make[1]: Entering directory '/home/jabrahms/src/avendar/home/chadim/svn/trunk/deps/googlemock/CMakeFiles/CMakeTmp'
/usr/bin/cmake -E cmake_progress_report /home/jabrahms/src/avendar/home/chadim/svn/trunk/deps/googlemock/CMakeFiles/CMakeTmp/CMakeFiles 1
Building C object CMakeFiles/cmTryCompileExec2861438675.dir/CheckSymbolExists.c.o
/usr/bin/cc    -o CMakeFiles/cmTryCompileExec2861438675.dir/CheckSymbolExists.c.o   -c /home/jabrahms/src/avendar/home/chadim/svn/trunk/deps/googlemock/CMakeFiles/CMakeTmp/CheckSymbolExists.c
Linking C executable cmTryCompileExec2861438675
/usr/bin/cmake -E cmake_link_script CMakeFiles/cmTryCompileExec2861438675.dir/link.txt --verbose=1
/usr/bin/cc       CMakeFiles/cmTryCompileExec2861438675.dir/CheckSymbolExists.c.o  -o cmTryCompileExec2861438675 -rdynamic 
CMakeFiles/cmTryCompileExec2861438675.dir/CheckSymbolExists.c.o: In function `main':
CheckSymbolExists.c:(.text+0x16): undefined reference to `pthread_create'
collect2: error: ld returned 1 exit status
CMakeFiles/cmTryCompileExec2861438675.dir/build.make:88: recipe for target 'cmTryCompileExec2861438675' failed
make[1]: *** [cmTryCompileExec2861438675] Error 1
make[1]: Leaving directory '/home/jabrahms/src/avendar/home/chadim/svn/trunk/deps/googlemock/CMakeFiles/CMakeTmp'
Makefile:118: recipe for target 'cmTryCompileExec2861438675/fast' failed
make: *** [cmTryCompileExec2861438675/fast] Error 2

File /home/jabrahms/src/avendar/home/chadim/svn/trunk/deps/googlemock/CMakeFiles/CMakeTmp/CheckSymbolExists.c:
/* */
#include <pthread.h>

int main(int argc, char** argv)
{
  (void)argv;
#ifndef pthread_create
  return ((int*)(&pthread_create))[argc];
#else
  (void)argc;
  return 0;
#endif
}

Determining if the function pthread_create exists in the pthreads failed with the following output:
Change Dir: /home/jabrahms/src/avendar/home/chadim/svn/trunk/deps/googlemock/CMakeFiles/CMakeTmp

Run Build Command:"/usr/bin/make" "cmTryCompileExec3540272256/fast"
/usr/bin/make -f CMakeFiles/cmTryCompileExec3540272256.dir/build.make CMakeFiles/cmTryCompileExec3540272256.dir/build
make[1]: Entering directory '/home/jabrahms/src/avendar/home/chadim/svn/trunk/deps/googlemock/CMakeFiles/CMakeTmp'
/usr/bin/cmake -E cmake_progress_report /home/jabrahms/src/avendar/home/chadim/svn/trunk/deps/googlemock/CMakeFiles/CMakeTmp/CMakeFiles 1
Building C object CMakeFiles/cmTryCompileExec3540272256.dir/CheckFunctionExists.c.o
/usr/bin/cc   -DCHECK_FUNCTION_EXISTS=pthread_create   -o CMakeFiles/cmTryCompileExec3540272256.dir/CheckFunctionExists.c.o   -c /usr/share/cmake-3.0/Modules/CheckFunctionExists.c
Linking C executable cmTryCompileExec3540272256
/usr/bin/cmake -E cmake_link_script CMakeFiles/cmTryCompileExec3540272256.dir/link.txt --verbose=1
/usr/bin/cc   -DCHECK_FUNCTION_EXISTS=pthread_create    CMakeFiles/cmTryCompileExec3540272256.dir/CheckFunctionExists.c.o  -o cmTryCompileExec3540272256 -rdynamic -lpthreads 
/usr/bin/ld: cannot find -lpthreads
collect2: error: ld returned 1 exit status
CMakeFiles/cmTryCompileExec3540272256.dir/build.make:88: recipe for target 'cmTryCompileExec3540272256' failed
make[1]: *** [cmTryCompileExec3540272256] Error 1
make[1]: Leaving directory '/home/jabrahms/src/avendar/home/chadim/svn/trunk/deps/googlemock/CMakeFiles/CMakeTmp'
Makefile:118: recipe for target 'cmTryCompileExec3540272256/fast' failed
make: *** [cmTryCompileExec3540272256/fast] Error 2


